{"C:\\Users\\dpetr\\Desktop\\rsoi2-master\\questions\\db\\models\\index.js": {"path":"C:\\Users\\dpetr\\Desktop\\rsoi2-master\\questions\\db\\models\\index.js","statementMap":{"0":{"start":{"line":3,"column":11},"end":{"line":3,"column":24}},"1":{"start":{"line":4,"column":13},"end":{"line":4,"column":28}},"2":{"start":{"line":5,"column":18},"end":{"line":5,"column":38}},"3":{"start":{"line":6,"column":17},"end":{"line":6,"column":42}},"4":{"start":{"line":7,"column":12},"end":{"line":7,"column":49}},"5":{"start":{"line":8,"column":15},"end":{"line":8,"column":65}},"6":{"start":{"line":9,"column":11},"end":{"line":9,"column":13}},"7":{"start":{"line":12,"column":0},"end":{"line":16,"column":1}},"8":{"start":{"line":13,"column":2},"end":{"line":13,"column":74}},"9":{"start":{"line":15,"column":2},"end":{"line":15,"column":87}},"10":{"start":{"line":18,"column":0},"end":{"line":26,"column":5}},"11":{"start":{"line":21,"column":4},"end":{"line":21,"column":90}},"12":{"start":{"line":24,"column":18},"end":{"line":24,"column":65}},"13":{"start":{"line":25,"column":4},"end":{"line":25,"column":27}},"14":{"start":{"line":28,"column":0},"end":{"line":32,"column":3}},"15":{"start":{"line":29,"column":2},"end":{"line":31,"column":3}},"16":{"start":{"line":30,"column":4},"end":{"line":30,"column":32}},"17":{"start":{"line":34,"column":0},"end":{"line":34,"column":25}},"18":{"start":{"line":35,"column":0},"end":{"line":35,"column":25}},"19":{"start":{"line":37,"column":0},"end":{"line":37,"column":20}}},"fnMap":{"0":{"name":"(anonymous_0)","decl":{"start":{"line":20,"column":10},"end":{"line":20,"column":11}},"loc":{"start":{"line":20,"column":18},"end":{"line":22,"column":3}},"line":20},"1":{"name":"(anonymous_1)","decl":{"start":{"line":23,"column":11},"end":{"line":23,"column":12}},"loc":{"start":{"line":23,"column":19},"end":{"line":26,"column":3}},"line":23},"2":{"name":"(anonymous_2)","decl":{"start":{"line":28,"column":24},"end":{"line":28,"column":25}},"loc":{"start":{"line":28,"column":37},"end":{"line":32,"column":1}},"line":28}},"branchMap":{"0":{"loc":{"start":{"line":7,"column":12},"end":{"line":7,"column":49}},"type":"binary-expr","locations":[{"start":{"line":7,"column":12},"end":{"line":7,"column":32}},{"start":{"line":7,"column":36},"end":{"line":7,"column":49}}],"line":7},"1":{"loc":{"start":{"line":12,"column":0},"end":{"line":16,"column":1}},"type":"if","locations":[{"start":{"line":12,"column":0},"end":{"line":16,"column":1}},{"start":{"line":12,"column":0},"end":{"line":16,"column":1}}],"line":12},"2":{"loc":{"start":{"line":21,"column":11},"end":{"line":21,"column":89}},"type":"binary-expr","locations":[{"start":{"line":21,"column":12},"end":{"line":21,"column":35}},{"start":{"line":21,"column":41},"end":{"line":21,"column":58}},{"start":{"line":21,"column":64},"end":{"line":21,"column":88}}],"line":21},"3":{"loc":{"start":{"line":29,"column":2},"end":{"line":31,"column":3}},"type":"if","locations":[{"start":{"line":29,"column":2},"end":{"line":31,"column":3}},{"start":{"line":29,"column":2},"end":{"line":31,"column":3}}],"line":29}},"s":{"0":1,"1":1,"2":1,"3":1,"4":1,"5":1,"6":1,"7":1,"8":0,"9":1,"10":1,"11":2,"12":1,"13":1,"14":1,"15":1,"16":1,"17":1,"18":1,"19":1},"f":{"0":2,"1":1,"2":1},"b":{"0":[1,0],"1":[0,1],"2":[2,2,1],"3":[1,0]},"_coverageSchema":"43e27e138ebf9cfc5966b082cf9a028302ed4184","hash":"f864a7e0c8679ad251b2438821663494a36c589b"}
,"C:\\Users\\dpetr\\Desktop\\rsoi2-master\\questions\\db\\models\\question.js": {"path":"C:\\Users\\dpetr\\Desktop\\rsoi2-master\\questions\\db\\models\\question.js","statementMap":{"0":{"start":{"line":2,"column":0},"end":{"line":14,"column":2}},"1":{"start":{"line":3,"column":19},"end":{"line":9,"column":8}},"2":{"start":{"line":10,"column":2},"end":{"line":12,"column":4}},"3":{"start":{"line":13,"column":2},"end":{"line":13,"column":18}}},"fnMap":{"0":{"name":"(anonymous_0)","decl":{"start":{"line":2,"column":17},"end":{"line":2,"column":18}},"loc":{"start":{"line":2,"column":43},"end":{"line":14,"column":1}},"line":2},"1":{"name":"(anonymous_1)","decl":{"start":{"line":10,"column":23},"end":{"line":10,"column":24}},"loc":{"start":{"line":10,"column":40},"end":{"line":12,"column":3}},"line":10}},"branchMap":{},"s":{"0":1,"1":1,"2":1,"3":1},"f":{"0":1,"1":1},"b":{},"_coverageSchema":"43e27e138ebf9cfc5966b082cf9a028302ed4184","hash":"462b9a2a9cc25d0609f6efc4f0f24ccd3e5fce6b"}
,"C:\\Users\\dpetr\\Desktop\\rsoi2-master\\questions\\server\\app.js": {"path":"C:\\Users\\dpetr\\Desktop\\rsoi2-master\\questions\\server\\app.js","statementMap":{"0":{"start":{"line":1,"column":16},"end":{"line":1,"column":34}},"1":{"start":{"line":2,"column":15},"end":{"line":2,"column":43}},"2":{"start":{"line":3,"column":12},"end":{"line":3,"column":21}},"3":{"start":{"line":5,"column":13},"end":{"line":5,"column":37}},"4":{"start":{"line":7,"column":0},"end":{"line":7,"column":24}},"5":{"start":{"line":8,"column":0},"end":{"line":8,"column":30}},"6":{"start":{"line":10,"column":0},"end":{"line":10,"column":95}},"7":{"start":{"line":10,"column":40},"end":{"line":10,"column":93}}},"fnMap":{"0":{"name":"(anonymous_0)","decl":{"start":{"line":10,"column":34},"end":{"line":10,"column":35}},"loc":{"start":{"line":10,"column":40},"end":{"line":10,"column":93}},"line":10}},"branchMap":{"0":{"loc":{"start":{"line":5,"column":13},"end":{"line":5,"column":37}},"type":"binary-expr","locations":[{"start":{"line":5,"column":13},"end":{"line":5,"column":29}},{"start":{"line":5,"column":33},"end":{"line":5,"column":37}}],"line":5}},"s":{"0":1,"1":1,"2":1,"3":1,"4":1,"5":1,"6":1,"7":1},"f":{"0":1},"b":{"0":[1,1]},"_coverageSchema":"43e27e138ebf9cfc5966b082cf9a028302ed4184","hash":"8963280ae0dcae6155273e7da61d999a666b4d0f"}
,"C:\\Users\\dpetr\\Desktop\\rsoi2-master\\questions\\server\\controllers\\index.js": {"path":"C:\\Users\\dpetr\\Desktop\\rsoi2-master\\questions\\server\\controllers\\index.js","statementMap":{"0":{"start":{"line":1,"column":11},"end":{"line":1,"column":46}},"1":{"start":{"line":2,"column":18},"end":{"line":2,"column":49}},"2":{"start":{"line":3,"column":12},"end":{"line":3,"column":30}},"3":{"start":{"line":5,"column":23},"end":{"line":21,"column":1}},"4":{"start":{"line":6,"column":4},"end":{"line":20,"column":5}},"5":{"start":{"line":7,"column":8},"end":{"line":7,"column":67}},"6":{"start":{"line":8,"column":21},"end":{"line":14,"column":10}},"7":{"start":{"line":15,"column":8},"end":{"line":15,"column":64}},"8":{"start":{"line":16,"column":8},"end":{"line":16,"column":40}},"9":{"start":{"line":18,"column":8},"end":{"line":18,"column":39}},"10":{"start":{"line":19,"column":8},"end":{"line":19,"column":39}},"11":{"start":{"line":23,"column":23},"end":{"line":37,"column":1}},"12":{"start":{"line":24,"column":4},"end":{"line":36,"column":5}},"13":{"start":{"line":25,"column":8},"end":{"line":25,"column":66}},"14":{"start":{"line":26,"column":8},"end":{"line":30,"column":11}},"15":{"start":{"line":31,"column":8},"end":{"line":31,"column":55}},"16":{"start":{"line":32,"column":8},"end":{"line":32,"column":40}},"17":{"start":{"line":34,"column":8},"end":{"line":34,"column":39}},"18":{"start":{"line":35,"column":8},"end":{"line":35,"column":39}},"19":{"start":{"line":39,"column":20},"end":{"line":48,"column":1}},"20":{"start":{"line":40,"column":4},"end":{"line":47,"column":5}},"21":{"start":{"line":41,"column":21},"end":{"line":41,"column":48}},"22":{"start":{"line":42,"column":8},"end":{"line":42,"column":50}},"23":{"start":{"line":43,"column":8},"end":{"line":43,"column":42}},"24":{"start":{"line":45,"column":8},"end":{"line":45,"column":39}},"25":{"start":{"line":46,"column":8},"end":{"line":46,"column":39}},"26":{"start":{"line":50,"column":27},"end":{"line":63,"column":1}},"27":{"start":{"line":51,"column":4},"end":{"line":62,"column":5}},"28":{"start":{"line":52,"column":21},"end":{"line":56,"column":10}},"29":{"start":{"line":57,"column":8},"end":{"line":57,"column":53}},"30":{"start":{"line":58,"column":8},"end":{"line":58,"column":42}},"31":{"start":{"line":60,"column":8},"end":{"line":60,"column":39}},"32":{"start":{"line":61,"column":8},"end":{"line":61,"column":39}},"33":{"start":{"line":65,"column":29},"end":{"line":79,"column":1}},"34":{"start":{"line":66,"column":4},"end":{"line":78,"column":5}},"35":{"start":{"line":67,"column":8},"end":{"line":67,"column":67}},"36":{"start":{"line":68,"column":8},"end":{"line":72,"column":11}},"37":{"start":{"line":73,"column":8},"end":{"line":73,"column":55}},"38":{"start":{"line":74,"column":8},"end":{"line":74,"column":40}},"39":{"start":{"line":76,"column":8},"end":{"line":76,"column":39}},"40":{"start":{"line":77,"column":8},"end":{"line":77,"column":39}},"41":{"start":{"line":81,"column":0},"end":{"line":87,"column":2}}},"fnMap":{"0":{"name":"(anonymous_0)","decl":{"start":{"line":5,"column":23},"end":{"line":5,"column":24}},"loc":{"start":{"line":5,"column":43},"end":{"line":21,"column":1}},"line":5},"1":{"name":"(anonymous_1)","decl":{"start":{"line":23,"column":23},"end":{"line":23,"column":24}},"loc":{"start":{"line":23,"column":43},"end":{"line":37,"column":1}},"line":23},"2":{"name":"(anonymous_2)","decl":{"start":{"line":39,"column":20},"end":{"line":39,"column":21}},"loc":{"start":{"line":39,"column":40},"end":{"line":48,"column":1}},"line":39},"3":{"name":"(anonymous_3)","decl":{"start":{"line":50,"column":27},"end":{"line":50,"column":28}},"loc":{"start":{"line":50,"column":47},"end":{"line":63,"column":1}},"line":50},"4":{"name":"(anonymous_4)","decl":{"start":{"line":65,"column":29},"end":{"line":65,"column":30}},"loc":{"start":{"line":65,"column":49},"end":{"line":79,"column":1}},"line":65}},"branchMap":{},"s":{"0":1,"1":1,"2":1,"3":1,"4":1,"5":1,"6":1,"7":1,"8":1,"9":0,"10":0,"11":1,"12":1,"13":1,"14":1,"15":1,"16":1,"17":0,"18":0,"19":1,"20":1,"21":1,"22":1,"23":1,"24":0,"25":0,"26":1,"27":1,"28":1,"29":1,"30":1,"31":0,"32":0,"33":1,"34":1,"35":1,"36":1,"37":1,"38":1,"39":0,"40":0,"41":1},"f":{"0":1,"1":1,"2":1,"3":1,"4":1},"b":{},"_coverageSchema":"43e27e138ebf9cfc5966b082cf9a028302ed4184","hash":"9ea4c444c19718bf314bdca7c990a922031a7639"}
,"C:\\Users\\dpetr\\Desktop\\rsoi2-master\\questions\\server\\routes\\index.js": {"path":"C:\\Users\\dpetr\\Desktop\\rsoi2-master\\questions\\server\\routes\\index.js","statementMap":{"0":{"start":{"line":1,"column":19},"end":{"line":1,"column":37}},"1":{"start":{"line":2,"column":15},"end":{"line":2,"column":23}},"2":{"start":{"line":3,"column":20},"end":{"line":3,"column":45}},"3":{"start":{"line":5,"column":0},"end":{"line":5,"column":51}},"4":{"start":{"line":6,"column":0},"end":{"line":6,"column":55}},"5":{"start":{"line":7,"column":0},"end":{"line":7,"column":66}},"6":{"start":{"line":8,"column":0},"end":{"line":8,"column":52}},"7":{"start":{"line":9,"column":0},"end":{"line":9,"column":44}},"8":{"start":{"line":11,"column":0},"end":{"line":11,"column":24}}},"fnMap":{},"branchMap":{},"s":{"0":1,"1":1,"2":1,"3":1,"4":1,"5":1,"6":1,"7":1,"8":1},"f":{},"b":{},"_coverageSchema":"43e27e138ebf9cfc5966b082cf9a028302ed4184","hash":"728a9f44a258c247eec8b83836d7b21910aa91ef"}
}
