TN:
SF:C:\Users\dpetr\Desktop\rsoi2-master\users\db\models\index.js
FN:20,(anonymous_0)
FN:23,(anonymous_1)
FN:28,(anonymous_2)
FNF:3
FNH:3
FNDA:2,(anonymous_0)
FNDA:1,(anonymous_1)
FNDA:1,(anonymous_2)
DA:3,1
DA:4,1
DA:5,1
DA:6,1
DA:7,1
DA:8,1
DA:9,1
DA:12,1
DA:13,0
DA:15,1
DA:18,1
DA:21,2
DA:24,1
DA:25,1
DA:28,1
DA:29,1
DA:30,1
DA:34,1
DA:35,1
DA:37,1
LF:20
LH:19
BRDA:7,0,0,1
BRDA:7,0,1,0
BRDA:12,1,0,0
BRDA:12,1,1,1
BRDA:21,2,0,2
BRDA:21,2,1,2
BRDA:21,2,2,1
BRDA:29,3,0,1
BRDA:29,3,1,0
BRF:9
BRH:6
end_of_record
TN:
SF:C:\Users\dpetr\Desktop\rsoi2-master\users\db\models\user.js
FN:2,(anonymous_0)
FN:8,(anonymous_1)
FNF:2
FNH:2
FNDA:1,(anonymous_0)
FNDA:1,(anonymous_1)
DA:2,1
DA:3,1
DA:8,1
DA:11,1
LF:4
LH:4
BRF:0
BRH:0
end_of_record
TN:
SF:C:\Users\dpetr\Desktop\rsoi2-master\users\server\app.js
FN:10,(anonymous_0)
FNF:1
FNH:1
FNDA:1,(anonymous_0)
DA:1,1
DA:2,1
DA:3,1
DA:5,1
DA:7,1
DA:8,1
DA:10,1
LF:7
LH:7
BRDA:5,0,0,1
BRDA:5,0,1,1
BRF:2
BRH:2
end_of_record
TN:
SF:C:\Users\dpetr\Desktop\rsoi2-master\users\server\controllers\index.js
FN:5,(anonymous_0)
FN:32,(anonymous_1)
FN:48,(anonymous_2)
FN:72,(anonymous_3)
FN:83,(anonymous_4)
FNF:5
FNH:5
FNDA:1,(anonymous_0)
FNDA:1,(anonymous_1)
FNDA:1,(anonymous_2)
FNDA:1,(anonymous_3)
FNDA:2,(anonymous_4)
DA:1,1
DA:2,1
DA:3,1
DA:5,1
DA:6,1
DA:7,1
DA:13,0
DA:14,0
DA:15,0
DA:18,0
DA:19,0
DA:24,0
DA:25,0
DA:27,1
DA:28,1
DA:32,1
DA:33,1
DA:34,1
DA:35,1
DA:40,1
DA:41,1
DA:43,0
DA:44,0
DA:48,1
DA:49,1
DA:50,1
DA:52,1
DA:58,1
DA:59,0
DA:60,0
DA:62,1
DA:63,0
DA:67,1
DA:68,1
DA:72,1
DA:73,1
DA:74,1
DA:75,1
DA:76,1
DA:78,0
DA:79,0
DA:83,1
DA:84,2
DA:85,2
DA:89,2
DA:91,2
DA:92,1
DA:94,2
DA:95,2
DA:98,2
DA:100,0
DA:104,1
LF:52
LH:37
BRDA:13,0,0,0
BRDA:13,0,1,0
BRDA:58,1,0,0
BRDA:58,1,1,1
BRDA:91,2,0,1
BRDA:91,2,1,1
BRDA:94,3,0,2
BRDA:94,3,1,0
BRF:8
BRH:4
end_of_record
TN:
SF:C:\Users\dpetr\Desktop\rsoi2-master\users\server\routes\index.js
FNF:0
FNH:0
DA:1,1
DA:2,1
DA:3,1
DA:5,1
DA:6,1
DA:7,1
DA:8,1
DA:9,1
DA:11,1
LF:9
LH:9
BRF:0
BRH:0
end_of_record
